<?xml version="1.0" encoding="UTF-8"?>
<coverage generated="1675517761690" clover="3.2.0">
  <project timestamp="1675517761690" name="All files">
    <metrics statements="20" coveredstatements="20" conditionals="7" coveredconditionals="6" methods="7" coveredmethods="7" elements="34" coveredelements="33" complexity="0" loc="20" ncloc="20" packages="1" files="1" classes="1"/>
    <file name="validator.ts" path="/Users/downtownit/development/branas.io/ccca10.1/src/validator.ts">
      <metrics statements="20" coveredstatements="20" conditionals="7" coveredconditionals="6" methods="7" coveredmethods="7"/>
      <line num="2" count="8" type="stmt"/>
      <line num="3" count="8" type="stmt"/>
      <line num="4" count="88" type="cond" truecount="1" falsecount="0"/>
      <line num="6" count="8" type="stmt"/>
      <line num="7" count="8" type="cond" truecount="2" falsecount="0"/>
      <line num="11" count="10" type="stmt"/>
      <line num="15" count="10" type="stmt"/>
      <line num="19" count="41" type="stmt"/>
      <line num="23" count="4" type="stmt"/>
      <line num="26" count="1" type="stmt"/>
      <line num="27" count="11" type="cond" truecount="1" falsecount="0"/>
      <line num="28" count="10" type="cond" truecount="0" falsecount="1"/>
      <line num="29" count="10" type="stmt"/>
      <line num="30" count="10" type="cond" truecount="1" falsecount="0"/>
      <line num="31" count="7" type="cond" truecount="1" falsecount="0"/>
      <line num="32" count="4" type="stmt"/>
      <line num="33" count="4" type="stmt"/>
      <line num="34" count="4" type="stmt"/>
      <line num="35" count="4" type="stmt"/>
      <line num="36" count="4" type="stmt"/>
    </file>
  </project>
</coverage>
