<?xml version="1.0" encoding="UTF-8"?>
<coverage generated="1676758546710" clover="3.2.0">
  <project timestamp="1676758546710" name="All files">
    <metrics statements="126" coveredstatements="126" conditionals="31" coveredconditionals="30" methods="22" coveredmethods="22" elements="179" coveredelements="178" complexity="0" loc="126" ncloc="126" packages="1" files="10" classes="10"/>
    <file name="Checkout.ts" path="/Users/downtownit/development/branas.io/ccca10.1/src/Checkout.ts">
      <metrics statements="43" coveredstatements="43" conditionals="20" coveredconditionals="20" methods="2" coveredmethods="2"/>
      <line num="2" count="1" type="stmt"/>
      <line num="4" count="1" type="stmt"/>
      <line num="6" count="1" type="stmt"/>
      <line num="8" count="1" type="stmt"/>
      <line num="9" count="1" type="stmt"/>
      <line num="11" count="1" type="stmt"/>
      <line num="13" count="20" type="cond" truecount="1" falsecount="0"/>
      <line num="14" count="20" type="cond" truecount="1" falsecount="0"/>
      <line num="15" count="20" type="cond" truecount="1" falsecount="0"/>
      <line num="16" count="20" type="cond" truecount="1" falsecount="0"/>
      <line num="21" count="18" type="stmt"/>
      <line num="22" count="18" type="cond" truecount="1" falsecount="0"/>
      <line num="23" count="17" type="stmt"/>
      <line num="27" count="17" type="stmt"/>
      <line num="28" count="17" type="stmt"/>
      <line num="29" count="17" type="cond" truecount="1" falsecount="0"/>
      <line num="30" count="17" type="stmt"/>
      <line num="31" count="27" type="cond" truecount="1" falsecount="0"/>
      <line num="32" count="26" type="cond" truecount="1" falsecount="0"/>
      <line num="33" count="25" type="stmt"/>
      <line num="34" count="25" type="cond" truecount="5" falsecount="0"/>
      <line num="35" count="24" type="cond" truecount="2" falsecount="0"/>
      <line num="36" count="6" type="stmt"/>
      <line num="39" count="18" type="stmt"/>
      <line num="41" count="24" type="stmt"/>
      <line num="42" count="24" type="stmt"/>
      <line num="43" count="24" type="stmt"/>
      <line num="44" count="24" type="stmt"/>
      <line num="45" count="24" type="stmt"/>
      <line num="46" count="24" type="stmt"/>
      <line num="49" count="14" type="cond" truecount="1" falsecount="0"/>
      <line num="50" count="3" type="stmt"/>
      <line num="51" count="3" type="cond" truecount="1" falsecount="0"/>
      <line num="52" count="2" type="stmt"/>
      <line num="53" count="2" type="stmt"/>
      <line num="56" count="14" type="cond" truecount="3" falsecount="0"/>
      <line num="57" count="2" type="stmt"/>
      <line num="60" count="14" type="stmt"/>
      <line num="61" count="14" type="stmt"/>
      <line num="62" count="14" type="stmt"/>
      <line num="63" count="14" type="stmt"/>
      <line num="71" count="14" type="stmt"/>
      <line num="72" count="14" type="stmt"/>
    </file>
    <file name="CouponRepositoryDatabase.ts" path="/Users/downtownit/development/branas.io/ccca10.1/src/CouponRepositoryDatabase.ts">
      <metrics statements="7" coveredstatements="7" conditionals="0" coveredconditionals="0" methods="1" coveredmethods="1"/>
      <line num="1" count="2" type="stmt"/>
      <line num="4" count="2" type="stmt"/>
      <line num="7" count="5" type="stmt"/>
      <line num="8" count="5" type="stmt"/>
      <line num="9" count="5" type="stmt"/>
      <line num="10" count="5" type="stmt"/>
      <line num="11" count="5" type="stmt"/>
    </file>
    <file name="CurrencyGatewayHttp.ts" path="/Users/downtownit/development/branas.io/ccca10.1/src/CurrencyGatewayHttp.ts">
      <metrics statements="4" coveredstatements="4" conditionals="0" coveredconditionals="0" methods="1" coveredmethods="1"/>
      <line num="1" count="1" type="stmt"/>
      <line num="4" count="1" type="stmt"/>
      <line num="6" count="12" type="stmt"/>
      <line num="7" count="12" type="stmt"/>
    </file>
    <file name="FreightCalculator.ts" path="/Users/downtownit/development/branas.io/ccca10.1/src/FreightCalculator.ts">
      <metrics statements="5" coveredstatements="5" conditionals="0" coveredconditionals="0" methods="1" coveredmethods="1"/>
      <line num="1" count="1" type="stmt"/>
      <line num="3" count="1" type="stmt"/>
      <line num="4" count="1" type="stmt"/>
      <line num="5" count="1" type="stmt"/>
      <line num="6" count="1" type="stmt"/>
    </file>
    <file name="GetOrder.ts" path="/Users/downtownit/development/branas.io/ccca10.1/src/GetOrder.ts">
      <metrics statements="9" coveredstatements="9" conditionals="1" coveredconditionals="1" methods="2" coveredmethods="2"/>
      <line num="3" count="1" type="stmt"/>
      <line num="5" count="1" type="stmt"/>
      <line num="8" count="18" type="cond" truecount="1" falsecount="0"/>
      <line num="13" count="2" type="stmt"/>
      <line num="18" count="2" type="stmt"/>
      <line num="19" count="2" type="stmt"/>
      <line num="20" count="2" type="stmt"/>
      <line num="21" count="2" type="stmt"/>
      <line num="22" count="2" type="stmt"/>
    </file>
    <file name="OrderRepositoryDatabase.ts" path="/Users/downtownit/development/branas.io/ccca10.1/src/OrderRepositoryDatabase.ts">
      <metrics statements="15" coveredstatements="15" conditionals="0" coveredconditionals="0" methods="3" coveredmethods="3"/>
      <line num="2" count="1" type="stmt"/>
      <line num="4" count="1" type="stmt"/>
      <line num="7" count="14" type="stmt"/>
      <line num="8" count="14" type="stmt"/>
      <line num="9" count="14" type="stmt"/>
      <line num="10" count="23" type="stmt"/>
      <line num="12" count="14" type="stmt"/>
      <line num="15" count="2" type="stmt"/>
      <line num="16" count="2" type="stmt"/>
      <line num="17" count="2" type="stmt"/>
      <line num="18" count="2" type="stmt"/>
      <line num="21" count="13" type="stmt"/>
      <line num="22" count="13" type="stmt"/>
      <line num="23" count="13" type="stmt"/>
      <line num="24" count="13" type="stmt"/>
    </file>
    <file name="ProductRepositoryDatabase.ts" path="/Users/downtownit/development/branas.io/ccca10.1/src/ProductRepositoryDatabase.ts">
      <metrics statements="6" coveredstatements="6" conditionals="0" coveredconditionals="0" methods="1" coveredmethods="1"/>
      <line num="1" count="2" type="stmt"/>
      <line num="4" count="2" type="stmt"/>
      <line num="7" count="26" type="stmt"/>
      <line num="8" count="26" type="stmt"/>
      <line num="9" count="26" type="stmt"/>
      <line num="10" count="26" type="stmt"/>
    </file>
    <file name="SimulateFreight.ts" path="/Users/downtownit/development/branas.io/ccca10.1/src/SimulateFreight.ts">
      <metrics statements="12" coveredstatements="12" conditionals="2" coveredconditionals="2" methods="2" coveredmethods="2"/>
      <line num="2" count="1" type="stmt"/>
      <line num="4" count="1" type="stmt"/>
      <line num="6" count="1" type="cond" truecount="1" falsecount="0"/>
      <line num="11" count="1" type="stmt"/>
      <line num="14" count="1" type="cond" truecount="1" falsecount="0"/>
      <line num="15" count="1" type="stmt"/>
      <line num="16" count="3" type="stmt"/>
      <line num="17" count="3" type="stmt"/>
      <line num="18" count="3" type="stmt"/>
      <line num="19" count="3" type="stmt"/>
      <line num="20" count="3" type="stmt"/>
      <line num="23" count="1" type="stmt"/>
    </file>
    <file name="ValidateCoupon.ts" path="/Users/downtownit/development/branas.io/ccca10.1/src/ValidateCoupon.ts">
      <metrics statements="5" coveredstatements="5" conditionals="1" coveredconditionals="1" methods="2" coveredmethods="2"/>
      <line num="2" count="1" type="stmt"/>
      <line num="4" count="1" type="stmt"/>
      <line num="6" count="2" type="cond" truecount="1" falsecount="0"/>
      <line num="10" count="2" type="stmt"/>
      <line num="11" count="2" type="stmt"/>
    </file>
    <file name="validator.ts" path="/Users/downtownit/development/branas.io/ccca10.1/src/validator.ts">
      <metrics statements="20" coveredstatements="20" conditionals="7" coveredconditionals="6" methods="7" coveredmethods="7"/>
      <line num="2" count="44" type="stmt"/>
      <line num="3" count="44" type="stmt"/>
      <line num="4" count="484" type="cond" truecount="1" falsecount="0"/>
      <line num="6" count="44" type="stmt"/>
      <line num="7" count="44" type="cond" truecount="2" falsecount="0"/>
      <line num="11" count="28" type="stmt"/>
      <line num="15" count="28" type="stmt"/>
      <line num="19" count="77" type="stmt"/>
      <line num="23" count="22" type="stmt"/>
      <line num="26" count="2" type="stmt"/>
      <line num="27" count="29" type="cond" truecount="1" falsecount="0"/>
      <line num="28" count="28" type="cond" truecount="0" falsecount="1"/>
      <line num="29" count="28" type="stmt"/>
      <line num="30" count="28" type="cond" truecount="1" falsecount="0"/>
      <line num="31" count="25" type="cond" truecount="1" falsecount="0"/>
      <line num="32" count="22" type="stmt"/>
      <line num="33" count="22" type="stmt"/>
      <line num="34" count="22" type="stmt"/>
      <line num="35" count="22" type="stmt"/>
      <line num="36" count="22" type="stmt"/>
    </file>
  </project>
</coverage>
