{"/Users/downtownit/development/branas.io/ccca10.1/src/validator.ts": {"path":"/Users/downtownit/development/branas.io/ccca10.1/src/validator.ts","statementMap":{"0":{"start":{"line":2,"column":16},"end":{"line":2,"column":17}},"1":{"start":{"line":3,"column":4},"end":{"line":5,"column":null}},"2":{"start":{"line":4,"column":8},"end":{"line":4,"column":60}},"3":{"start":{"line":4,"column":24},"end":{"line":4,"column":60}},"4":{"start":{"line":6,"column":17},"end":{"line":6,"column":25}},"5":{"start":{"line":7,"column":4},"end":{"line":7,"column":38}},"6":{"start":{"line":11,"column":4},"end":{"line":11,"column":34}},"7":{"start":{"line":15,"column":4},"end":{"line":15,"column":29}},"8":{"start":{"line":19,"column":4},"end":{"line":19,"column":50}},"9":{"start":{"line":19,"column":36},"end":{"line":19,"column":48}},"10":{"start":{"line":23,"column":4},"end":{"line":23,"column":51}},"11":{"start":{"line":27,"column":1},"end":{"line":27,"column":24}},"12":{"start":{"line":27,"column":11},"end":{"line":27,"column":24}},"13":{"start":{"line":28,"column":4},"end":{"line":28,"column":40}},"14":{"start":{"line":28,"column":27},"end":{"line":28,"column":40}},"15":{"start":{"line":29,"column":4},"end":{"line":29,"column":21}},"16":{"start":{"line":30,"column":4},"end":{"line":30,"column":41}},"17":{"start":{"line":30,"column":28},"end":{"line":30,"column":41}},"18":{"start":{"line":31,"column":4},"end":{"line":31,"column":44}},"19":{"start":{"line":31,"column":31},"end":{"line":31,"column":44}},"20":{"start":{"line":32,"column":19},"end":{"line":32,"column":41}},"21":{"start":{"line":33,"column":19},"end":{"line":33,"column":41}},"22":{"start":{"line":34,"column":24},"end":{"line":34,"column":46}},"23":{"start":{"line":35,"column":28},"end":{"line":35,"column":48}},"24":{"start":{"line":36,"column":4},"end":{"line":36,"column":42}},"25":{"start":{"line":26,"column":0},"end":{"line":26,"column":16}}},"fnMap":{"0":{"name":"calculateDigit","decl":{"start":{"line":1,"column":9},"end":{"line":1,"column":23}},"loc":{"start":{"line":1,"column":53},"end":{"line":8,"column":1}}},"1":{"name":"clean","decl":{"start":{"line":10,"column":9},"end":{"line":10,"column":14}},"loc":{"start":{"line":10,"column":27},"end":{"line":12,"column":1}}},"2":{"name":"isValidLength","decl":{"start":{"line":14,"column":9},"end":{"line":14,"column":22}},"loc":{"start":{"line":14,"column":35},"end":{"line":16,"column":1}}},"3":{"name":"allDigitsTheSame","decl":{"start":{"line":18,"column":9},"end":{"line":18,"column":25}},"loc":{"start":{"line":18,"column":38},"end":{"line":20,"column":1}}},"4":{"name":"(anonymous_4)","decl":{"start":{"line":19,"column":31},"end":{"line":19,"column":32}},"loc":{"start":{"line":19,"column":36},"end":{"line":19,"column":48}}},"5":{"name":"extractCheckDigit","decl":{"start":{"line":22,"column":9},"end":{"line":22,"column":26}},"loc":{"start":{"line":22,"column":39},"end":{"line":24,"column":1}}},"6":{"name":"validate","decl":{"start":{"line":26,"column":16},"end":{"line":26,"column":24}},"loc":{"start":{"line":26,"column":37},"end":{"line":37,"column":1}}}},"branchMap":{"0":{"loc":{"start":{"line":4,"column":8},"end":{"line":4,"column":60}},"type":"if","locations":[{"start":{"line":4,"column":8},"end":{"line":4,"column":60}}]},"1":{"loc":{"start":{"line":7,"column":11},"end":{"line":7,"column":37}},"type":"cond-expr","locations":[{"start":{"line":7,"column":24},"end":{"line":7,"column":25}},{"start":{"line":7,"column":28},"end":{"line":7,"column":37}}]},"2":{"loc":{"start":{"line":27,"column":1},"end":{"line":27,"column":24}},"type":"if","locations":[{"start":{"line":27,"column":1},"end":{"line":27,"column":24}}]},"3":{"loc":{"start":{"line":28,"column":4},"end":{"line":28,"column":40}},"type":"if","locations":[{"start":{"line":28,"column":4},"end":{"line":28,"column":40}}]},"4":{"loc":{"start":{"line":30,"column":4},"end":{"line":30,"column":41}},"type":"if","locations":[{"start":{"line":30,"column":4},"end":{"line":30,"column":41}}]},"5":{"loc":{"start":{"line":31,"column":4},"end":{"line":31,"column":44}},"type":"if","locations":[{"start":{"line":31,"column":4},"end":{"line":31,"column":44}}]}},"s":{"0":8,"1":8,"2":88,"3":76,"4":8,"5":8,"6":10,"7":10,"8":7,"9":41,"10":4,"11":11,"12":1,"13":10,"14":0,"15":10,"16":10,"17":3,"18":7,"19":3,"20":4,"21":4,"22":4,"23":4,"24":4,"25":1},"f":{"0":8,"1":10,"2":10,"3":7,"4":41,"5":4,"6":11},"b":{"0":[76],"1":[4,4],"2":[1],"3":[0],"4":[3],"5":[3]}}
}
