{"/Users/downtownit/development/branas.io/ccca10.1/src/Checkout.ts": {"path":"/Users/downtownit/development/branas.io/ccca10.1/src/Checkout.ts","statementMap":{"0":{"start":{"line":2,"column":0},"end":{"line":2,"column":66}},"1":{"start":{"line":4,"column":0},"end":{"line":4,"column":56}},"2":{"start":{"line":6,"column":0},"end":{"line":6,"column":64}},"3":{"start":{"line":8,"column":0},"end":{"line":8,"column":68}},"4":{"start":{"line":9,"column":0},"end":{"line":9,"column":39}},"5":{"start":{"line":13,"column":11},"end":{"line":13,"column":46}},"6":{"start":{"line":14,"column":11},"end":{"line":14,"column":50}},"7":{"start":{"line":15,"column":11},"end":{"line":15,"column":48}},"8":{"start":{"line":16,"column":17},"end":{"line":16,"column":52}},"9":{"start":{"line":21,"column":24},"end":{"line":21,"column":43}},"10":{"start":{"line":22,"column":8},"end":{"line":22,"column":53}},"11":{"start":{"line":22,"column":22},"end":{"line":22,"column":53}},"12":{"start":{"line":23,"column":31},"end":{"line":26,"column":10}},"13":{"start":{"line":27,"column":27},"end":{"line":27,"column":69}},"14":{"start":{"line":28,"column":32},"end":{"line":28,"column":34}},"15":{"start":{"line":29,"column":8},"end":{"line":48,"column":null}},"16":{"start":{"line":30,"column":12},"end":{"line":47,"column":null}},"17":{"start":{"line":31,"column":16},"end":{"line":31,"column":76}},"18":{"start":{"line":31,"column":40},"end":{"line":31,"column":76}},"19":{"start":{"line":32,"column":16},"end":{"line":32,"column":87}},"20":{"start":{"line":32,"column":52},"end":{"line":32,"column":87}},"21":{"start":{"line":33,"column":36},"end":{"line":33,"column":91}},"22":{"start":{"line":34,"column":16},"end":{"line":34,"column":174}},"23":{"start":{"line":34,"column":137},"end":{"line":34,"column":174}},"24":{"start":{"line":35,"column":16},"end":{"line":40,"column":null}},"25":{"start":{"line":36,"column":20},"end":{"line":36,"column":99}},"26":{"start":{"line":39,"column":20},"end":{"line":39,"column":82}},"27":{"start":{"line":41,"column":31},"end":{"line":41,"column":102}},"28":{"start":{"line":42,"column":20},"end":{"line":42,"column":57}},"29":{"start":{"line":43,"column":24},"end":{"line":43,"column":53}},"30":{"start":{"line":44,"column":4},"end":{"line":44,"column":64}},"31":{"start":{"line":45,"column":16},"end":{"line":45,"column":59}},"32":{"start":{"line":46,"column":4},"end":{"line":46,"column":31}},"33":{"start":{"line":49,"column":8},"end":{"line":55,"column":null}},"34":{"start":{"line":50,"column":22},"end":{"line":50,"column":73}},"35":{"start":{"line":51,"column":3},"end":{"line":54,"column":null}},"36":{"start":{"line":52,"column":23},"end":{"line":52,"column":56}},"37":{"start":{"line":53,"column":4},"end":{"line":53,"column":52}},"38":{"start":{"line":56,"column":2},"end":{"line":58,"column":null}},"39":{"start":{"line":57,"column":3},"end":{"line":57,"column":34}},"40":{"start":{"line":60,"column":21},"end":{"line":60,"column":45}},"41":{"start":{"line":61,"column":25},"end":{"line":61,"column":59}},"42":{"start":{"line":62,"column":21},"end":{"line":62,"column":69}},"43":{"start":{"line":63,"column":22},"end":{"line":70,"column":10}},"44":{"start":{"line":71,"column":8},"end":{"line":71,"column":47}},"45":{"start":{"line":72,"column":2},"end":{"line":72,"column":16}},"46":{"start":{"line":11,"column":0},"end":{"line":11,"column":21}}},"fnMap":{"0":{"name":"(anonymous_8)","decl":{"start":{"line":12,"column":4},"end":{"line":12,"column":null}},"loc":{"start":{"line":16,"column":81},"end":{"line":18,"column":2}}},"1":{"name":"(anonymous_9)","decl":{"start":{"line":20,"column":10},"end":{"line":20,"column":17}},"loc":{"start":{"line":20,"column":31},"end":{"line":73,"column":null}}}},"branchMap":{"0":{"loc":{"start":{"line":13,"column":11},"end":{"line":13,"column":71}},"type":"default-arg","locations":[{"start":{"line":13,"column":46},"end":{"line":13,"column":71}}]},"1":{"loc":{"start":{"line":14,"column":11},"end":{"line":14,"column":81}},"type":"default-arg","locations":[{"start":{"line":14,"column":50},"end":{"line":14,"column":81}}]},"2":{"loc":{"start":{"line":15,"column":11},"end":{"line":15,"column":78}},"type":"default-arg","locations":[{"start":{"line":15,"column":48},"end":{"line":15,"column":78}}]},"3":{"loc":{"start":{"line":16,"column":17},"end":{"line":16,"column":81}},"type":"default-arg","locations":[{"start":{"line":16,"column":52},"end":{"line":16,"column":81}}]},"4":{"loc":{"start":{"line":22,"column":8},"end":{"line":22,"column":53}},"type":"if","locations":[{"start":{"line":22,"column":8},"end":{"line":22,"column":53}}]},"5":{"loc":{"start":{"line":29,"column":8},"end":{"line":48,"column":null}},"type":"if","locations":[{"start":{"line":29,"column":8},"end":{"line":48,"column":null}}]},"6":{"loc":{"start":{"line":31,"column":16},"end":{"line":31,"column":76}},"type":"if","locations":[{"start":{"line":31,"column":16},"end":{"line":31,"column":76}}]},"7":{"loc":{"start":{"line":32,"column":16},"end":{"line":32,"column":87}},"type":"if","locations":[{"start":{"line":32,"column":16},"end":{"line":32,"column":87}}]},"8":{"loc":{"start":{"line":34,"column":16},"end":{"line":34,"column":174}},"type":"if","locations":[{"start":{"line":34,"column":16},"end":{"line":34,"column":174}}]},"9":{"loc":{"start":{"line":34,"column":20},"end":{"line":34,"column":135}},"type":"binary-expr","locations":[{"start":{"line":34,"column":20},"end":{"line":34,"column":42}},{"start":{"line":34,"column":46},"end":{"line":34,"column":69}},{"start":{"line":34,"column":73},"end":{"line":34,"column":96}},{"start":{"line":34,"column":100},"end":{"line":34,"column":135}}]},"10":{"loc":{"start":{"line":35,"column":16},"end":{"line":40,"column":null}},"type":"if","locations":[{"start":{"line":35,"column":16},"end":{"line":40,"column":null}},{"start":{"line":38,"column":21},"end":{"line":40,"column":null}}]},"11":{"loc":{"start":{"line":49,"column":8},"end":{"line":55,"column":null}},"type":"if","locations":[{"start":{"line":49,"column":8},"end":{"line":55,"column":null}}]},"12":{"loc":{"start":{"line":51,"column":3},"end":{"line":54,"column":null}},"type":"if","locations":[{"start":{"line":51,"column":3},"end":{"line":54,"column":null}}]},"13":{"loc":{"start":{"line":56,"column":2},"end":{"line":58,"column":null}},"type":"if","locations":[{"start":{"line":56,"column":2},"end":{"line":58,"column":null}}]},"14":{"loc":{"start":{"line":56,"column":6},"end":{"line":56,"column":28}},"type":"binary-expr","locations":[{"start":{"line":56,"column":6},"end":{"line":56,"column":16}},{"start":{"line":56,"column":20},"end":{"line":56,"column":28}}]}},"s":{"0":1,"1":1,"2":1,"3":1,"4":1,"5":20,"6":20,"7":20,"8":20,"9":18,"10":18,"11":1,"12":17,"13":17,"14":17,"15":17,"16":17,"17":27,"18":1,"19":26,"20":1,"21":25,"22":25,"23":1,"24":24,"25":6,"26":18,"27":24,"28":24,"29":24,"30":24,"31":24,"32":24,"33":14,"34":3,"35":3,"36":2,"37":2,"38":14,"39":2,"40":14,"41":14,"42":14,"43":14,"44":14,"45":14,"46":1},"f":{"0":20,"1":18},"b":{"0":[19],"1":[19],"2":[20],"3":[20],"4":[1],"5":[17],"6":[1],"7":[1],"8":[1],"9":[25,24,24,24],"10":[6,18],"11":[3],"12":[2],"13":[2],"14":[14,2]}}
,"/Users/downtownit/development/branas.io/ccca10.1/src/CouponRepositoryDatabase.ts": {"path":"/Users/downtownit/development/branas.io/ccca10.1/src/CouponRepositoryDatabase.ts","statementMap":{"0":{"start":{"line":1,"column":0},"end":{"line":1,"column":29}},"1":{"start":{"line":7,"column":27},"end":{"line":7,"column":90}},"2":{"start":{"line":8,"column":29},"end":{"line":8,"column":107}},"3":{"start":{"line":9,"column":8},"end":{"line":9,"column":37}},"4":{"start":{"line":10,"column":8},"end":{"line":10,"column":37}},"5":{"start":{"line":11,"column":8},"end":{"line":11,"column":26}},"6":{"start":{"line":4,"column":0},"end":{"line":4,"column":21}}},"fnMap":{"0":{"name":"(anonymous_8)","decl":{"start":{"line":6,"column":10},"end":{"line":6,"column":19}},"loc":{"start":{"line":6,"column":33},"end":{"line":12,"column":null}}}},"branchMap":{},"s":{"0":2,"1":5,"2":5,"3":5,"4":5,"5":5,"6":2},"f":{"0":5},"b":{}}
,"/Users/downtownit/development/branas.io/ccca10.1/src/CurrencyGatewayHttp.ts": {"path":"/Users/downtownit/development/branas.io/ccca10.1/src/CurrencyGatewayHttp.ts","statementMap":{"0":{"start":{"line":1,"column":0},"end":{"line":1,"column":26}},"1":{"start":{"line":6,"column":25},"end":{"line":6,"column":76}},"2":{"start":{"line":7,"column":8},"end":{"line":7,"column":29}},"3":{"start":{"line":4,"column":0},"end":{"line":4,"column":21}}},"fnMap":{"0":{"name":"(anonymous_8)","decl":{"start":{"line":5,"column":10},"end":{"line":5,"column":23}},"loc":{"start":{"line":5,"column":23},"end":{"line":8,"column":null}}}},"branchMap":{},"s":{"0":1,"1":12,"2":12,"3":1},"f":{"0":12},"b":{}}
,"/Users/downtownit/development/branas.io/ccca10.1/src/FreightCalculator.ts": {"path":"/Users/downtownit/development/branas.io/ccca10.1/src/FreightCalculator.ts","statementMap":{"0":{"start":{"line":3,"column":23},"end":{"line":3,"column":82}},"1":{"start":{"line":4,"column":24},"end":{"line":4,"column":57}},"2":{"start":{"line":5,"column":28},"end":{"line":5,"column":57}},"3":{"start":{"line":6,"column":8},"end":{"line":6,"column":27}},"4":{"start":{"line":1,"column":0},"end":{"line":1,"column":21}}},"fnMap":{"0":{"name":"(anonymous_0)","decl":{"start":{"line":2,"column":4},"end":{"line":2,"column":10}},"loc":{"start":{"line":2,"column":34},"end":{"line":7,"column":5}}}},"branchMap":{},"s":{"0":1,"1":1,"2":1,"3":1,"4":1},"f":{"0":1},"b":{}}
,"/Users/downtownit/development/branas.io/ccca10.1/src/GetOrder.ts": {"path":"/Users/downtownit/development/branas.io/ccca10.1/src/GetOrder.ts","statementMap":{"0":{"start":{"line":3,"column":0},"end":{"line":3,"column":64}},"1":{"start":{"line":8,"column":17},"end":{"line":8,"column":52}},"2":{"start":{"line":13,"column":31},"end":{"line":17,"column":10}},"3":{"start":{"line":18,"column":26},"end":{"line":18,"column":64}},"4":{"start":{"line":19,"column":8},"end":{"line":19,"column":37}},"5":{"start":{"line":20,"column":8},"end":{"line":20,"column":51}},"6":{"start":{"line":21,"column":8},"end":{"line":21,"column":55}},"7":{"start":{"line":22,"column":2},"end":{"line":22,"column":16}},"8":{"start":{"line":5,"column":0},"end":{"line":5,"column":21}}},"fnMap":{"0":{"name":"(anonymous_8)","decl":{"start":{"line":7,"column":4},"end":{"line":7,"column":null}},"loc":{"start":{"line":8,"column":81},"end":{"line":10,"column":2}}},"1":{"name":"(anonymous_9)","decl":{"start":{"line":12,"column":10},"end":{"line":12,"column":17}},"loc":{"start":{"line":12,"column":29},"end":{"line":23,"column":null}}}},"branchMap":{"0":{"loc":{"start":{"line":8,"column":17},"end":{"line":8,"column":81}},"type":"default-arg","locations":[{"start":{"line":8,"column":52},"end":{"line":8,"column":81}}]}},"s":{"0":1,"1":18,"2":2,"3":2,"4":2,"5":2,"6":2,"7":2,"8":1},"f":{"0":18,"1":2},"b":{"0":[18]}}
,"/Users/downtownit/development/branas.io/ccca10.1/src/OrderRepositoryDatabase.ts": {"path":"/Users/downtownit/development/branas.io/ccca10.1/src/OrderRepositoryDatabase.ts","statementMap":{"0":{"start":{"line":2,"column":0},"end":{"line":2,"column":29}},"1":{"start":{"line":7,"column":27},"end":{"line":7,"column":90}},"2":{"start":{"line":8,"column":8},"end":{"line":8,"column":194}},"3":{"start":{"line":9,"column":8},"end":{"line":11,"column":null}},"4":{"start":{"line":10,"column":12},"end":{"line":10,"column":187}},"5":{"start":{"line":12,"column":8},"end":{"line":12,"column":37}},"6":{"start":{"line":15,"column":27},"end":{"line":15,"column":90}},"7":{"start":{"line":16,"column":28},"end":{"line":16,"column":107}},"8":{"start":{"line":17,"column":8},"end":{"line":17,"column":37}},"9":{"start":{"line":18,"column":8},"end":{"line":18,"column":25}},"10":{"start":{"line":21,"column":27},"end":{"line":21,"column":90}},"11":{"start":{"line":22,"column":26},"end":{"line":22,"column":90}},"12":{"start":{"line":23,"column":8},"end":{"line":23,"column":37}},"13":{"start":{"line":24,"column":8},"end":{"line":24,"column":38}},"14":{"start":{"line":4,"column":0},"end":{"line":4,"column":21}}},"fnMap":{"0":{"name":"(anonymous_8)","decl":{"start":{"line":6,"column":10},"end":{"line":6,"column":14}},"loc":{"start":{"line":6,"column":25},"end":{"line":13,"column":null}}},"1":{"name":"(anonymous_10)","decl":{"start":{"line":14,"column":10},"end":{"line":14,"column":17}},"loc":{"start":{"line":14,"column":28},"end":{"line":19,"column":null}}},"2":{"name":"(anonymous_12)","decl":{"start":{"line":20,"column":10},"end":{"line":20,"column":15}},"loc":{"start":{"line":20,"column":15},"end":{"line":25,"column":null}}}},"branchMap":{},"s":{"0":1,"1":14,"2":14,"3":14,"4":23,"5":14,"6":2,"7":2,"8":2,"9":2,"10":13,"11":13,"12":13,"13":13,"14":1},"f":{"0":14,"1":2,"2":13},"b":{}}
,"/Users/downtownit/development/branas.io/ccca10.1/src/ProductRepositoryDatabase.ts": {"path":"/Users/downtownit/development/branas.io/ccca10.1/src/ProductRepositoryDatabase.ts","statementMap":{"0":{"start":{"line":1,"column":0},"end":{"line":1,"column":29}},"1":{"start":{"line":7,"column":27},"end":{"line":7,"column":90}},"2":{"start":{"line":8,"column":30},"end":{"line":8,"column":120}},"3":{"start":{"line":9,"column":8},"end":{"line":9,"column":37}},"4":{"start":{"line":10,"column":8},"end":{"line":10,"column":27}},"5":{"start":{"line":4,"column":0},"end":{"line":4,"column":21}}},"fnMap":{"0":{"name":"(anonymous_8)","decl":{"start":{"line":6,"column":10},"end":{"line":6,"column":20}},"loc":{"start":{"line":6,"column":39},"end":{"line":11,"column":null}}}},"branchMap":{},"s":{"0":2,"1":26,"2":26,"3":26,"4":26,"5":2},"f":{"0":26},"b":{}}
,"/Users/downtownit/development/branas.io/ccca10.1/src/SimulateFreight.ts": {"path":"/Users/downtownit/development/branas.io/ccca10.1/src/SimulateFreight.ts","statementMap":{"0":{"start":{"line":2,"column":0},"end":{"line":2,"column":68}},"1":{"start":{"line":6,"column":11},"end":{"line":6,"column":50}},"2":{"start":{"line":11,"column":31},"end":{"line":13,"column":10}},"3":{"start":{"line":14,"column":8},"end":{"line":22,"column":null}},"4":{"start":{"line":15,"column":12},"end":{"line":21,"column":null}},"5":{"start":{"line":16,"column":36},"end":{"line":16,"column":91}},"6":{"start":{"line":17,"column":31},"end":{"line":17,"column":102}},"7":{"start":{"line":18,"column":20},"end":{"line":18,"column":57}},"8":{"start":{"line":19,"column":24},"end":{"line":19,"column":53}},"9":{"start":{"line":20,"column":4},"end":{"line":20,"column":64}},"10":{"start":{"line":23,"column":2},"end":{"line":23,"column":16}},"11":{"start":{"line":4,"column":0},"end":{"line":4,"column":21}}},"fnMap":{"0":{"name":"(anonymous_8)","decl":{"start":{"line":5,"column":4},"end":{"line":5,"column":null}},"loc":{"start":{"line":6,"column":81},"end":{"line":8,"column":2}}},"1":{"name":"(anonymous_9)","decl":{"start":{"line":10,"column":10},"end":{"line":10,"column":17}},"loc":{"start":{"line":10,"column":31},"end":{"line":24,"column":null}}}},"branchMap":{"0":{"loc":{"start":{"line":6,"column":11},"end":{"line":6,"column":81}},"type":"default-arg","locations":[{"start":{"line":6,"column":50},"end":{"line":6,"column":81}}]},"1":{"loc":{"start":{"line":14,"column":8},"end":{"line":22,"column":null}},"type":"if","locations":[{"start":{"line":14,"column":8},"end":{"line":22,"column":null}}]}},"s":{"0":1,"1":1,"2":1,"3":1,"4":1,"5":3,"6":3,"7":3,"8":3,"9":3,"10":1,"11":1},"f":{"0":1,"1":1},"b":{"0":[1],"1":[1]}}
,"/Users/downtownit/development/branas.io/ccca10.1/src/ValidateCoupon.ts": {"path":"/Users/downtownit/development/branas.io/ccca10.1/src/ValidateCoupon.ts","statementMap":{"0":{"start":{"line":2,"column":0},"end":{"line":2,"column":66}},"1":{"start":{"line":6,"column":17},"end":{"line":6,"column":54}},"2":{"start":{"line":10,"column":27},"end":{"line":10,"column":70}},"3":{"start":{"line":11,"column":8},"end":{"line":11,"column":74}},"4":{"start":{"line":4,"column":0},"end":{"line":4,"column":21}}},"fnMap":{"0":{"name":"(anonymous_8)","decl":{"start":{"line":5,"column":4},"end":{"line":5,"column":null}},"loc":{"start":{"line":6,"column":84},"end":{"line":8,"column":5}}},"1":{"name":"(anonymous_9)","decl":{"start":{"line":9,"column":10},"end":{"line":9,"column":17}},"loc":{"start":{"line":9,"column":31},"end":{"line":12,"column":null}}}},"branchMap":{"0":{"loc":{"start":{"line":6,"column":17},"end":{"line":6,"column":84}},"type":"default-arg","locations":[{"start":{"line":6,"column":54},"end":{"line":6,"column":84}}]}},"s":{"0":1,"1":2,"2":2,"3":2,"4":1},"f":{"0":2,"1":2},"b":{"0":[2]}}
,"/Users/downtownit/development/branas.io/ccca10.1/src/validator.ts": {"path":"/Users/downtownit/development/branas.io/ccca10.1/src/validator.ts","statementMap":{"0":{"start":{"line":2,"column":16},"end":{"line":2,"column":17}},"1":{"start":{"line":3,"column":4},"end":{"line":5,"column":null}},"2":{"start":{"line":4,"column":8},"end":{"line":4,"column":60}},"3":{"start":{"line":4,"column":24},"end":{"line":4,"column":60}},"4":{"start":{"line":6,"column":17},"end":{"line":6,"column":25}},"5":{"start":{"line":7,"column":4},"end":{"line":7,"column":38}},"6":{"start":{"line":11,"column":4},"end":{"line":11,"column":34}},"7":{"start":{"line":15,"column":4},"end":{"line":15,"column":29}},"8":{"start":{"line":19,"column":4},"end":{"line":19,"column":50}},"9":{"start":{"line":19,"column":36},"end":{"line":19,"column":48}},"10":{"start":{"line":23,"column":4},"end":{"line":23,"column":51}},"11":{"start":{"line":27,"column":1},"end":{"line":27,"column":24}},"12":{"start":{"line":27,"column":11},"end":{"line":27,"column":24}},"13":{"start":{"line":28,"column":4},"end":{"line":28,"column":40}},"14":{"start":{"line":28,"column":27},"end":{"line":28,"column":40}},"15":{"start":{"line":29,"column":4},"end":{"line":29,"column":21}},"16":{"start":{"line":30,"column":4},"end":{"line":30,"column":41}},"17":{"start":{"line":30,"column":28},"end":{"line":30,"column":41}},"18":{"start":{"line":31,"column":4},"end":{"line":31,"column":44}},"19":{"start":{"line":31,"column":31},"end":{"line":31,"column":44}},"20":{"start":{"line":32,"column":19},"end":{"line":32,"column":41}},"21":{"start":{"line":33,"column":19},"end":{"line":33,"column":41}},"22":{"start":{"line":34,"column":24},"end":{"line":34,"column":46}},"23":{"start":{"line":35,"column":28},"end":{"line":35,"column":48}},"24":{"start":{"line":36,"column":4},"end":{"line":36,"column":42}},"25":{"start":{"line":26,"column":0},"end":{"line":26,"column":16}}},"fnMap":{"0":{"name":"calculateDigit","decl":{"start":{"line":1,"column":9},"end":{"line":1,"column":23}},"loc":{"start":{"line":1,"column":53},"end":{"line":8,"column":1}}},"1":{"name":"clean","decl":{"start":{"line":10,"column":9},"end":{"line":10,"column":14}},"loc":{"start":{"line":10,"column":27},"end":{"line":12,"column":1}}},"2":{"name":"isValidLength","decl":{"start":{"line":14,"column":9},"end":{"line":14,"column":22}},"loc":{"start":{"line":14,"column":35},"end":{"line":16,"column":1}}},"3":{"name":"allDigitsTheSame","decl":{"start":{"line":18,"column":9},"end":{"line":18,"column":25}},"loc":{"start":{"line":18,"column":38},"end":{"line":20,"column":1}}},"4":{"name":"(anonymous_4)","decl":{"start":{"line":19,"column":31},"end":{"line":19,"column":32}},"loc":{"start":{"line":19,"column":36},"end":{"line":19,"column":48}}},"5":{"name":"extractCheckDigit","decl":{"start":{"line":22,"column":9},"end":{"line":22,"column":26}},"loc":{"start":{"line":22,"column":39},"end":{"line":24,"column":1}}},"6":{"name":"validate","decl":{"start":{"line":26,"column":16},"end":{"line":26,"column":24}},"loc":{"start":{"line":26,"column":37},"end":{"line":37,"column":1}}}},"branchMap":{"0":{"loc":{"start":{"line":4,"column":8},"end":{"line":4,"column":60}},"type":"if","locations":[{"start":{"line":4,"column":8},"end":{"line":4,"column":60}}]},"1":{"loc":{"start":{"line":7,"column":11},"end":{"line":7,"column":37}},"type":"cond-expr","locations":[{"start":{"line":7,"column":24},"end":{"line":7,"column":25}},{"start":{"line":7,"column":28},"end":{"line":7,"column":37}}]},"2":{"loc":{"start":{"line":27,"column":1},"end":{"line":27,"column":24}},"type":"if","locations":[{"start":{"line":27,"column":1},"end":{"line":27,"column":24}}]},"3":{"loc":{"start":{"line":28,"column":4},"end":{"line":28,"column":40}},"type":"if","locations":[{"start":{"line":28,"column":4},"end":{"line":28,"column":40}}]},"4":{"loc":{"start":{"line":30,"column":4},"end":{"line":30,"column":41}},"type":"if","locations":[{"start":{"line":30,"column":4},"end":{"line":30,"column":41}}]},"5":{"loc":{"start":{"line":31,"column":4},"end":{"line":31,"column":44}},"type":"if","locations":[{"start":{"line":31,"column":4},"end":{"line":31,"column":44}}]}},"s":{"0":44,"1":44,"2":484,"3":418,"4":44,"5":44,"6":28,"7":28,"8":25,"9":77,"10":22,"11":29,"12":1,"13":28,"14":0,"15":28,"16":28,"17":3,"18":25,"19":3,"20":22,"21":22,"22":22,"23":22,"24":22,"25":2},"f":{"0":44,"1":28,"2":28,"3":25,"4":77,"5":22,"6":29},"b":{"0":[418],"1":[5,39],"2":[1],"3":[0],"4":[3],"5":[3]}}
}
