TN:
SF:src/Checkout.ts
FN:12,(anonymous_8)
FN:20,(anonymous_9)
FNF:2
FNH:2
FNDA:20,(anonymous_8)
FNDA:18,(anonymous_9)
DA:2,1
DA:4,1
DA:6,1
DA:8,1
DA:9,1
DA:11,1
DA:13,20
DA:14,20
DA:15,20
DA:16,20
DA:21,18
DA:22,18
DA:23,17
DA:27,17
DA:28,17
DA:29,17
DA:30,17
DA:31,27
DA:32,26
DA:33,25
DA:34,25
DA:35,24
DA:36,6
DA:39,18
DA:41,24
DA:42,24
DA:43,24
DA:44,24
DA:45,24
DA:46,24
DA:49,14
DA:50,3
DA:51,3
DA:52,2
DA:53,2
DA:56,14
DA:57,2
DA:60,14
DA:61,14
DA:62,14
DA:63,14
DA:71,14
DA:72,14
LF:43
LH:43
BRDA:13,0,0,19
BRDA:14,1,0,19
BRDA:15,2,0,20
BRDA:16,3,0,20
BRDA:22,4,0,1
BRDA:29,5,0,17
BRDA:31,6,0,1
BRDA:32,7,0,1
BRDA:34,8,0,1
BRDA:34,9,0,25
BRDA:34,9,1,24
BRDA:34,9,2,24
BRDA:34,9,3,24
BRDA:35,10,0,6
BRDA:35,10,1,18
BRDA:49,11,0,3
BRDA:51,12,0,2
BRDA:56,13,0,2
BRDA:56,14,0,14
BRDA:56,14,1,2
BRF:20
BRH:20
end_of_record
TN:
SF:src/CouponRepositoryDatabase.ts
FN:6,(anonymous_8)
FNF:1
FNH:1
FNDA:5,(anonymous_8)
DA:1,2
DA:4,2
DA:7,5
DA:8,5
DA:9,5
DA:10,5
DA:11,5
LF:7
LH:7
BRF:0
BRH:0
end_of_record
TN:
SF:src/CurrencyGatewayHttp.ts
FN:5,(anonymous_8)
FNF:1
FNH:1
FNDA:12,(anonymous_8)
DA:1,1
DA:4,1
DA:6,12
DA:7,12
LF:4
LH:4
BRF:0
BRH:0
end_of_record
TN:
SF:src/FreightCalculator.ts
FN:2,(anonymous_0)
FNF:1
FNH:1
FNDA:1,(anonymous_0)
DA:1,1
DA:3,1
DA:4,1
DA:5,1
DA:6,1
LF:5
LH:5
BRF:0
BRH:0
end_of_record
TN:
SF:src/GetOrder.ts
FN:7,(anonymous_8)
FN:12,(anonymous_9)
FNF:2
FNH:2
FNDA:18,(anonymous_8)
FNDA:2,(anonymous_9)
DA:3,1
DA:5,1
DA:8,18
DA:13,2
DA:18,2
DA:19,2
DA:20,2
DA:21,2
DA:22,2
LF:9
LH:9
BRDA:8,0,0,18
BRF:1
BRH:1
end_of_record
TN:
SF:src/OrderRepositoryDatabase.ts
FN:6,(anonymous_8)
FN:14,(anonymous_10)
FN:20,(anonymous_12)
FNF:3
FNH:3
FNDA:14,(anonymous_8)
FNDA:2,(anonymous_10)
FNDA:13,(anonymous_12)
DA:2,1
DA:4,1
DA:7,14
DA:8,14
DA:9,14
DA:10,23
DA:12,14
DA:15,2
DA:16,2
DA:17,2
DA:18,2
DA:21,13
DA:22,13
DA:23,13
DA:24,13
LF:15
LH:15
BRF:0
BRH:0
end_of_record
TN:
SF:src/ProductRepositoryDatabase.ts
FN:6,(anonymous_8)
FNF:1
FNH:1
FNDA:26,(anonymous_8)
DA:1,2
DA:4,2
DA:7,26
DA:8,26
DA:9,26
DA:10,26
LF:6
LH:6
BRF:0
BRH:0
end_of_record
TN:
SF:src/SimulateFreight.ts
FN:5,(anonymous_8)
FN:10,(anonymous_9)
FNF:2
FNH:2
FNDA:1,(anonymous_8)
FNDA:1,(anonymous_9)
DA:2,1
DA:4,1
DA:6,1
DA:11,1
DA:14,1
DA:15,1
DA:16,3
DA:17,3
DA:18,3
DA:19,3
DA:20,3
DA:23,1
LF:12
LH:12
BRDA:6,0,0,1
BRDA:14,1,0,1
BRF:2
BRH:2
end_of_record
TN:
SF:src/ValidateCoupon.ts
FN:5,(anonymous_8)
FN:9,(anonymous_9)
FNF:2
FNH:2
FNDA:2,(anonymous_8)
FNDA:2,(anonymous_9)
DA:2,1
DA:4,1
DA:6,2
DA:10,2
DA:11,2
LF:5
LH:5
BRDA:6,0,0,2
BRF:1
BRH:1
end_of_record
TN:
SF:src/validator.ts
FN:1,calculateDigit
FN:10,clean
FN:14,isValidLength
FN:18,allDigitsTheSame
FN:19,(anonymous_4)
FN:22,extractCheckDigit
FN:26,validate
FNF:7
FNH:7
FNDA:44,calculateDigit
FNDA:28,clean
FNDA:28,isValidLength
FNDA:25,allDigitsTheSame
FNDA:77,(anonymous_4)
FNDA:22,extractCheckDigit
FNDA:29,validate
DA:2,44
DA:3,44
DA:4,484
DA:6,44
DA:7,44
DA:11,28
DA:15,28
DA:19,77
DA:23,22
DA:26,2
DA:27,29
DA:28,28
DA:29,28
DA:30,28
DA:31,25
DA:32,22
DA:33,22
DA:34,22
DA:35,22
DA:36,22
LF:20
LH:20
BRDA:4,0,0,418
BRDA:7,1,0,5
BRDA:7,1,1,39
BRDA:27,2,0,1
BRDA:28,3,0,0
BRDA:30,4,0,3
BRDA:31,5,0,3
BRF:7
BRH:6
end_of_record
