TN:
SF:src/validator.ts
FN:1,calculateDigit
FN:10,clean
FN:14,isValidLength
FN:18,allDigitsTheSame
FN:19,(anonymous_4)
FN:22,extractCheckDigit
FN:26,validate
FNF:7
FNH:7
FNDA:8,calculateDigit
FNDA:10,clean
FNDA:10,isValidLength
FNDA:7,allDigitsTheSame
FNDA:41,(anonymous_4)
FNDA:4,extractCheckDigit
FNDA:11,validate
DA:2,8
DA:3,8
DA:4,88
DA:6,8
DA:7,8
DA:11,10
DA:15,10
DA:19,41
DA:23,4
DA:26,1
DA:27,11
DA:28,10
DA:29,10
DA:30,10
DA:31,7
DA:32,4
DA:33,4
DA:34,4
DA:35,4
DA:36,4
LF:20
LH:20
BRDA:4,0,0,76
BRDA:7,1,0,4
BRDA:7,1,1,4
BRDA:27,2,0,1
BRDA:28,3,0,0
BRDA:30,4,0,3
BRDA:31,5,0,3
BRF:7
BRH:6
end_of_record
